<?xml version="1.0" encoding="UTF-8"?>
<!-- Generated by org.testng.reporters.JUnitXMLReporter -->
<testsuite ignored="0" hostname="admin-PC" failures="0" tests="3" name="Default test" time="27.19" errors="0" timestamp="2023-08-17T09:30:39 IST">
  <testcase classname="dataprovider.d1" name="DataProvSampleTest" time="11.352"/>
  <testcase classname="dataprovider.d1" name="DataProvSampleTest" time="7.86"/>
  <testcase classname="dataprovider.d1" name="DataProvSampleTest" time="7.863"/>
</testsuite> <!-- Default test -->
